-------------------------------------------------------------------------------
Test set: controller.KnowledgeControllerTest
-------------------------------------------------------------------------------
Tests run: 3, Failures: 2, Errors: 1, Skipped: 0, Time elapsed: 0.04 sec <<< FAILURE! - in controller.KnowledgeControllerTest
saveKnowledgeWithBadUser(controller.KnowledgeControllerTest)  Time elapsed: 0.018 sec  <<< FAILURE!
org.junit.ComparisonFailure: expected:<422> but was:<null>
	at sun.reflect.NativeConstructorAccessorImpl.newInstance0(Native Method)
	at sun.reflect.NativeConstructorAccessorImpl.newInstance(NativeConstructorAccessorImpl.java:62)
	at sun.reflect.DelegatingConstructorAccessorImpl.newInstance(DelegatingConstructorAccessorImpl.java:45)
	at controller.KnowledgeControllerTest.saveKnowledgeWithBadUser(KnowledgeControllerTest.java:69)

saveKnowledgeWithAreaAlreadyExistent(controller.KnowledgeControllerTest)  Time elapsed: 0.003 sec  <<< ERROR!
java.lang.NullPointerException: null
	at controller.KnowledgeControllerTest.saveKnowledgeWithAreaAlreadyExistent(KnowledgeControllerTest.java:56)

saveKnowledgeWithBadParameter(controller.KnowledgeControllerTest)  Time elapsed: 0.002 sec  <<< FAILURE!
org.junit.ComparisonFailure: expected:<422> but was:<null>
	at sun.reflect.NativeConstructorAccessorImpl.newInstance0(Native Method)
	at sun.reflect.NativeConstructorAccessorImpl.newInstance(NativeConstructorAccessorImpl.java:62)
	at sun.reflect.DelegatingConstructorAccessorImpl.newInstance(DelegatingConstructorAccessorImpl.java:45)
	at controller.KnowledgeControllerTest.saveKnowledgeWithBadParameter(KnowledgeControllerTest.java:63)

